<?xml version="1.0" encoding="utf-8"?><testsuites name="pytest tests"><testsuite name="pytest" errors="0" failures="0" skipped="0" tests="28" time="67.100" timestamp="2026-07-11T00:38:07.539248+00:00" hostname="agent-env-b22293a9-a7db-4eda-a027-21d4e82f89e4"><testcase classname="backend.tests.test_webminpulse.TestAuth" name="test_register_short_password_400" time="0.306" /><testcase classname="backend.tests.test_webminpulse.TestAuth" name="test_register_returns_token_and_user" time="0.277" /><testcase classname="backend.tests.test_webminpulse.TestAuth" name="test_login_correct_password" time="0.273" /><testcase classname="backend.tests.test_webminpulse.TestAuth" name="test_login_wrong_password_401" time="0.266" /><testcase classname="backend.tests.test_webminpulse.TestAuth" name="test_me_with_bearer" time="0.051" /><testcase classname="backend.tests.test_webminpulse.TestAuth" name="test_servers_without_auth_401" time="0.054" /><testcase classname="backend.tests.test_webminpulse.TestLoginThrottle" name="test_brute_force_returns_429_after_5_bad" time="1.698" /><testcase classname="backend.tests.test_webminpulse.TestLoginThrottle" name="test_correct_login_resets_counter" time="2.427" /><testcase classname="backend.tests.test_webminpulse.TestSSRF" name="test_blocked_hosts_400[169.254.169.254]" time="0.058" /><testcase classname="backend.tests.test_webminpulse.TestSSRF" name="test_blocked_hosts_400[127.0.0.1]" time="0.051" /><testcase classname="backend.tests.test_webminpulse.TestSSRF" name="test_blocked_hosts_400[0.0.0.0]" time="0.053" /><testcase classname="backend.tests.test_webminpulse.TestSSRF" name="test_private_lan_allowed[192.168.1.50]" time="10.104" /><testcase classname="backend.tests.test_webminpulse.TestSSRF" name="test_private_lan_allowed[10.255.255.1]" time="10.156" /><testcase classname="backend.tests.test_webminpulse.TestServersAndOffline" name="test_add_unreachable_server_offline" time="10.055" /><testcase classname="backend.tests.test_webminpulse.TestServersAndOffline" name="test_list_servers_no_password" time="0.049" /><testcase classname="backend.tests.test_webminpulse.TestServersAndOffline" name="test_get_server" time="0.050" /><testcase classname="backend.tests.test_webminpulse.TestServersAndOffline" name="test_check_one_refresh" time="10.052" /><testcase classname="backend.tests.test_webminpulse.TestServersAndOffline" name="test_check_all" time="10.058" /><testcase classname="backend.tests.test_webminpulse.TestServersAndOffline" name="test_update_name_and_verify_cert" time="0.100" /><testcase classname="backend.tests.test_webminpulse.TestServersAndOffline" name="test_update_password_no_leak" time="0.047" /><testcase classname="backend.tests.test_webminpulse.TestServersAndOffline" name="test_history_endpoint_returns_list" time="0.047" /><testcase classname="backend.tests.test_webminpulse.TestServersAndOffline" name="test_reenable_alerts_for_transition_test" time="0.049" /><testcase classname="backend.tests.test_webminpulse.TestAlerts" name="test_offline_transition_creates_alert" time="10.292" /><testcase classname="backend.tests.test_webminpulse.TestAlerts" name="test_clear_alerts" time="0.094" /><testcase classname="backend.tests.test_webminpulse.TestSettings" name="test_update_settings_reflected_in_me" time="0.143" /><testcase classname="backend.tests.test_webminpulse.TestPushRegister" name="test_no_token_401" time="0.047" /><testcase classname="backend.tests.test_webminpulse.TestPushRegister" name="test_with_token_reachable" time="0.057" /><testcase classname="backend.tests.test_webminpulse.TestZZCleanup" name="test_delete_created_servers" time="0.091" /></testsuite></testsuites>