<?xml version="1.0" encoding="utf-8"?><testsuites name="pytest tests"><testsuite name="pytest" errors="0" failures="0" skipped="0" tests="20" time="62.743" timestamp="2026-07-10T23:22:00.048915+00:00" hostname="agent-env-b22293a9-a7db-4eda-a027-21d4e82f89e4"><testcase classname="tests.test_webminpulse.TestAuth" name="test_register_returns_token_and_user" time="0.531" /><testcase classname="tests.test_webminpulse.TestAuth" name="test_login_correct_password" time="0.268" /><testcase classname="tests.test_webminpulse.TestAuth" name="test_login_wrong_password" time="0.280" /><testcase classname="tests.test_webminpulse.TestAuth" name="test_me_with_bearer" time="0.048" /><testcase classname="tests.test_webminpulse.TestAuth" name="test_servers_without_auth_401" time="0.043" /><testcase classname="tests.test_webminpulse.TestAuth" name="test_seeded_ops_account" time="0.264" /><testcase classname="tests.test_webminpulse.TestServersAndOffline" name="test_add_unreachable_server_offline" time="10.050" /><testcase classname="tests.test_webminpulse.TestServersAndOffline" name="test_list_servers_no_password" time="0.048" /><testcase classname="tests.test_webminpulse.TestServersAndOffline" name="test_get_server" time="0.045" /><testcase classname="tests.test_webminpulse.TestServersAndOffline" name="test_check_one_refresh" time="10.049" /><testcase classname="tests.test_webminpulse.TestServersAndOffline" name="test_check_all" time="10.050" /><testcase classname="tests.test_webminpulse.TestServersAndOffline" name="test_update_server_password_optional" time="0.055" /><testcase classname="tests.test_webminpulse.TestServersAndOffline" name="test_update_server_with_password" time="0.049" /><testcase classname="tests.test_webminpulse.TestAlerts" name="test_offline_transition_creates_alert" time="20.144" /><testcase classname="tests.test_webminpulse.TestAlerts" name="test_offline_alert_via_direct_state_flip" time="10.262" /><testcase classname="tests.test_webminpulse.TestAlerts" name="test_clear_alerts" time="0.087" /><testcase classname="tests.test_webminpulse.TestSettings" name="test_update_settings_reflected_in_me" time="0.128" /><testcase classname="tests.test_webminpulse.TestPushRegister" name="test_bad_body_422" time="0.042" /><testcase classname="tests.test_webminpulse.TestPushRegister" name="test_valid_body_route_reachable" time="0.050" /><testcase classname="tests.test_webminpulse.TestZZCleanup" name="test_delete_created_servers" time="0.177" /></testsuite></testsuites>